mode: set
multi-tenant-messaging-app/internal/config/config.go:24.27,32.16 5 0
multi-tenant-messaging-app/internal/config/config.go:32.16,34.3 1 0
multi-tenant-messaging-app/internal/config/config.go:36.2,43.3 1 0
multi-tenant-messaging-app/internal/config/db.go:9.52,11.16 2 0
multi-tenant-messaging-app/internal/config/db.go:11.16,13.3 1 0
multi-tenant-messaging-app/internal/config/db.go:14.2,14.16 1 0
multi-tenant-messaging-app/internal/config/rabbit.go:7.75,9.16 2 0
multi-tenant-messaging-app/internal/config/rabbit.go:9.16,11.3 1 0
multi-tenant-messaging-app/internal/config/rabbit.go:13.2,14.16 2 0
multi-tenant-messaging-app/internal/config/rabbit.go:14.16,17.3 2 0
multi-tenant-messaging-app/internal/config/rabbit.go:19.2,19.22 1 0
multi-tenant-messaging-app/docs/docs.go:266.13,268.2 1 0
multi-tenant-messaging-app/cmd/main.go:15.13,20.16 3 0
multi-tenant-messaging-app/cmd/main.go:20.16,22.3 1 0
multi-tenant-messaging-app/cmd/main.go:25.2,29.16 3 0
multi-tenant-messaging-app/cmd/main.go:29.16,31.3 1 0
multi-tenant-messaging-app/cmd/main.go:32.2,41.12 5 0
multi-tenant-messaging-app/cmd/main.go:41.12,44.3 2 0
multi-tenant-messaging-app/cmd/main.go:47.2,50.9 3 0
multi-tenant-messaging-app/cmd/main.go:51.14,52.45 1 0
multi-tenant-messaging-app/cmd/main.go:53.23,54.38 1 0
multi-tenant-messaging-app/internal/repository/message_repo.go:18.59,19.15 1 0
multi-tenant-messaging-app/internal/repository/message_repo.go:19.15,20.38 1 0
multi-tenant-messaging-app/internal/repository/message_repo.go:22.2,22.35 1 0
multi-tenant-messaging-app/internal/repository/message_repo.go:25.128,29.18 3 0
multi-tenant-messaging-app/internal/repository/message_repo.go:29.18,31.3 1 0
multi-tenant-messaging-app/internal/repository/message_repo.go:33.2,33.52 1 0
multi-tenant-messaging-app/internal/repository/message_repo.go:33.52,35.3 1 0
multi-tenant-messaging-app/internal/repository/message_repo.go:37.2,40.31 3 0
multi-tenant-messaging-app/internal/repository/message_repo.go:40.31,42.74 2 0
multi-tenant-messaging-app/internal/repository/message_repo.go:42.74,44.4 1 0
multi-tenant-messaging-app/internal/repository/message_repo.go:46.3,51.27 2 0
multi-tenant-messaging-app/internal/repository/message_repo.go:54.2,54.28 1 0
multi-tenant-messaging-app/internal/repository/message_repo.go:57.96,62.16 3 0
multi-tenant-messaging-app/internal/repository/message_repo.go:62.16,64.3 1 0
multi-tenant-messaging-app/internal/repository/message_repo.go:67.2,74.52 2 0
multi-tenant-messaging-app/internal/repository/message_repo.go:74.52,76.3 1 0
multi-tenant-messaging-app/internal/repository/message_repo.go:78.2,79.12 2 0
multi-tenant-messaging-app/internal/repository/message_repo.go:82.74,93.47 4 0
multi-tenant-messaging-app/internal/repository/message_repo.go:93.47,95.3 1 0
multi-tenant-messaging-app/internal/repository/message_repo.go:97.2,98.12 2 0
multi-tenant-messaging-app/internal/service/message_service.go:22.105,24.2 1 0
multi-tenant-messaging-app/internal/service/message_service.go:26.125,28.2 1 0
multi-tenant-messaging-app/internal/service/message_service.go:30.102,33.16 2 0
multi-tenant-messaging-app/internal/service/message_service.go:33.16,35.3 1 0
multi-tenant-messaging-app/internal/service/message_service.go:38.2,39.16 2 0
multi-tenant-messaging-app/internal/service/message_service.go:39.16,41.3 1 0
multi-tenant-messaging-app/internal/service/message_service.go:42.2,58.16 4 0
multi-tenant-messaging-app/internal/service/message_service.go:58.16,60.3 1 0
multi-tenant-messaging-app/internal/service/message_service.go:62.2,62.12 1 0
multi-tenant-messaging-app/internal/service/tenant_service.go:23.97,30.2 1 0
multi-tenant-messaging-app/internal/service/tenant_service.go:32.63,40.49 3 0
multi-tenant-messaging-app/internal/service/tenant_service.go:40.49,43.3 2 0
multi-tenant-messaging-app/internal/service/tenant_service.go:45.2,46.16 2 0
multi-tenant-messaging-app/internal/service/tenant_service.go:46.16,48.3 1 0
multi-tenant-messaging-app/internal/service/tenant_service.go:50.2,52.16 3 0
multi-tenant-messaging-app/internal/service/tenant_service.go:52.16,54.3 1 0
multi-tenant-messaging-app/internal/service/tenant_service.go:56.2,61.12 4 0
multi-tenant-messaging-app/internal/service/tenant_service.go:64.94,65.6 1 0
multi-tenant-messaging-app/internal/service/tenant_service.go:65.6,66.10 1 0
multi-tenant-messaging-app/internal/service/tenant_service.go:67.21,69.10 2 0
multi-tenant-messaging-app/internal/service/tenant_service.go:70.11,70.11 0 0
multi-tenant-messaging-app/internal/service/tenant_service.go:73.3,74.17 2 0
multi-tenant-messaging-app/internal/service/tenant_service.go:74.17,77.12 3 0
multi-tenant-messaging-app/internal/service/tenant_service.go:80.3,81.17 2 0
multi-tenant-messaging-app/internal/service/tenant_service.go:81.17,85.12 4 0
multi-tenant-messaging-app/internal/service/tenant_service.go:88.3,88.25 1 0
multi-tenant-messaging-app/internal/service/tenant_service.go:88.25,90.61 2 0
multi-tenant-messaging-app/internal/service/tenant_service.go:90.61,92.13 2 0
multi-tenant-messaging-app/internal/service/tenant_service.go:95.4,95.65 1 0
multi-tenant-messaging-app/internal/service/tenant_service.go:95.65,97.5 1 0
multi-tenant-messaging-app/internal/service/tenant_service.go:100.3,100.13 1 0
multi-tenant-messaging-app/internal/service/tenant_service.go:104.53,109.31 4 0
multi-tenant-messaging-app/internal/service/tenant_service.go:109.31,111.3 1 0
multi-tenant-messaging-app/internal/service/tenant_service.go:112.2,112.12 1 0
multi-tenant-messaging-app/internal/service/tenant_service.go:115.102,117.16 2 0
multi-tenant-messaging-app/internal/service/tenant_service.go:117.16,119.3 1 0
multi-tenant-messaging-app/internal/service/tenant_service.go:120.2,123.16 3 0
multi-tenant-messaging-app/internal/service/tenant_service.go:123.16,125.3 1 0
multi-tenant-messaging-app/internal/service/tenant_service.go:127.2,134.3 2 0
multi-tenant-messaging-app/internal/service/tenant_service.go:138.84,144.13 4 0
multi-tenant-messaging-app/internal/service/tenant_service.go:144.13,146.3 1 0
multi-tenant-messaging-app/internal/service/tenant_service.go:149.2,156.35 4 0
multi-tenant-messaging-app/internal/service/tenant_service.go:156.35,158.3 1 0
multi-tenant-messaging-app/internal/service/tenant_service.go:161.2,164.12 3 0
multi-tenant-messaging-app/internal/service/tenant_service.go:168.71,172.16 3 0
multi-tenant-messaging-app/internal/service/tenant_service.go:172.16,175.3 2 0
multi-tenant-messaging-app/internal/service/tenant_service.go:176.2,179.16 3 0
multi-tenant-messaging-app/internal/service/tenant_service.go:179.16,182.3 2 0
multi-tenant-messaging-app/internal/service/tenant_service.go:184.2,184.6 1 0
multi-tenant-messaging-app/internal/service/tenant_service.go:184.6,185.10 1 0
multi-tenant-messaging-app/internal/service/tenant_service.go:186.21,188.10 2 0
multi-tenant-messaging-app/internal/service/tenant_service.go:189.22,191.82 1 0
multi-tenant-messaging-app/internal/service/tenant_service.go:197.62,202.13 4 0
multi-tenant-messaging-app/internal/service/tenant_service.go:202.13,204.3 1 0
multi-tenant-messaging-app/internal/service/tenant_service.go:206.2,211.16 5 0
multi-tenant-messaging-app/internal/service/tenant_service.go:211.16,213.3 1 0
multi-tenant-messaging-app/internal/service/tenant_service.go:214.2,217.74 3 0
multi-tenant-messaging-app/internal/service/tenant_service.go:217.74,219.3 1 0
multi-tenant-messaging-app/internal/service/tenant_service.go:221.2,221.12 1 0
multi-tenant-messaging-app/internal/service/mocks/message_service_mock.go:25.91,29.2 3 0
multi-tenant-messaging-app/internal/service/mocks/message_service_mock.go:32.89,34.2 1 0
multi-tenant-messaging-app/internal/service/mocks/message_service_mock.go:37.131,44.2 6 0
multi-tenant-messaging-app/internal/service/mocks/message_service_mock.go:47.116,50.2 2 0
multi-tenant-messaging-app/internal/service/mocks/message_service_mock.go:53.115,58.2 4 0
multi-tenant-messaging-app/internal/service/mocks/message_service_mock.go:61.117,64.2 2 0
multi-tenant-messaging-app/internal/server/router.go:30.50,49.2 9 0
multi-tenant-messaging-app/internal/server/router.go:49.2,55.3 4 0
multi-tenant-messaging-app/internal/server/router.go:57.2,57.10 1 0
multi-tenant-messaging-app/internal/handler/message.go:14.88,16.2 1 1
multi-tenant-messaging-app/internal/handler/message.go:29.56,35.16 5 1
multi-tenant-messaging-app/internal/handler/message.go:35.16,38.3 2 1
multi-tenant-messaging-app/internal/handler/message.go:40.2,43.4 1 1
multi-tenant-messaging-app/internal/handler/tenant.go:16.76,18.2 1 0
multi-tenant-messaging-app/internal/handler/tenant.go:31.61,34.47 2 0
multi-tenant-messaging-app/internal/handler/tenant.go:34.47,37.3 2 0
multi-tenant-messaging-app/internal/handler/tenant.go:39.2,39.52 1 0
multi-tenant-messaging-app/internal/handler/tenant.go:39.52,42.3 2 0
multi-tenant-messaging-app/internal/handler/tenant.go:45.2,45.68 1 0
multi-tenant-messaging-app/internal/handler/tenant.go:45.68,48.3 2 0
multi-tenant-messaging-app/internal/handler/tenant.go:51.2,51.88 1 0
multi-tenant-messaging-app/internal/handler/tenant.go:51.88,54.3 2 0
multi-tenant-messaging-app/internal/handler/tenant.go:56.2,56.59 1 0
multi-tenant-messaging-app/internal/handler/tenant.go:67.61,70.63 2 0
multi-tenant-messaging-app/internal/handler/tenant.go:70.63,73.3 2 0
multi-tenant-messaging-app/internal/handler/tenant.go:75.2,75.59 1 0
multi-tenant-messaging-app/internal/handler/tenant.go:88.66,90.48 2 0
multi-tenant-messaging-app/internal/handler/tenant.go:90.48,93.3 2 0
multi-tenant-messaging-app/internal/handler/tenant.go:95.2,99.67 2 0
multi-tenant-messaging-app/internal/handler/tenant.go:99.67,102.3 2 0
multi-tenant-messaging-app/internal/handler/tenant.go:104.2,104.81 1 0
multi-tenant-messaging-app/internal/handler/tenant.go:104.81,107.3 2 0
multi-tenant-messaging-app/internal/handler/tenant.go:109.2,109.64 1 0
